{
  "RSpec": {
    "coverage": {
      "/app/app/controllers/api/v1/authors_controller.rb": {
        "lines": [
          0,
          0,
          0,
          null,
          0,
          0,
          null,
          null,
          0,
          null,
          null,
          0,
          null,
          null,
          0,
          null,
          null,
          0,
          null,
          null,
          0,
          0,
          0,
          0,
          0,
          0,
          0,
          0,
          0,
          null,
          null,
          0,
          0,
          0,
          0,
          0,
          0
        ],
        "branches": {}
      },
      "/app/app/controllers/api/v1/base_controller.rb": {
        "lines": [
          0,
          0,
          0,
          null,
          0,
          null,
          0,
          null,
          0,
          0,
          0,
          null,
          null,
          0,
          0,
          0,
          0,
          0,
          0,
          0,
          0,
          0
        ],
        "branches": {}
      },
      "/app/app/controllers/api/v1/books_controller.rb": {
        "lines": [
          0,
          0,
          0,
          null,
          0,
          0,
          null,
          null,
          0,
          null,
          null,
          0,
          null,
          null,
          0,
          null,
          null,
          0,
          null,
          null,
          0,
          0,
          0,
          0,
          0,
          0,
          0,
          0,
          0,
          null,
          null,
          0,
          0,
          0,
          0,
          0,
          0
        ],
        "branches": {}
      },
      "/app/app/controllers/books_controller.rb": {
        "lines": [
          0,
          0,
          null,
          0,
          0,
          null,
          0,
          null,
          0,
          null,
          0,
          null,
          0,
          0,
          null,
          0,
          0,
          null,
          0,
          0,
          0,
          0,
          null,
          0,
          0,
          0,
          null,
          0,
          0,
          null,
          0,
          0,
          0,
          0,
          0,
          0,
          0,
          null,
          0,
          0,
          0,
          0,
          0,
          0,
          0,
          0,
          null,
          0,
          0,
          0,
          0,
          null,
          0,
          null,
          0,
          0,
          0,
          null,
          0,
          0,
          0,
          0
        ],
        "branches": {}
      }
    },
    "timestamp": 1761140867
  }
}
